<?xml version="1.0" encoding="UTF-8"?>
<testsuites name="New Test Suite" time="81" tests="2" failures="0" errors="0">
   <testsuite name="New Test Suite" tests="2" failures="0" errors="0" time="81" timestamp="2019-12-01 21:51:01" hostname="Shipra Mandal - Shiva" id="Test Suites/New Test Suite">
      <properties>
         <property name="deviceName" value=""/>
         <property name="devicePlatform" value=""/>
         <property name="logFolder" value="C:\\Users\\Shipra Mandal\\Katalon Studio\\Test1\\Reports\\New Test Suite\\20191201_215051"/>
         <property name="logFiles" value="C:\\Users\\Shipra Mandal\\Katalon Studio\\Test1\\Reports\\New Test Suite\\20191201_215051\\execution0.log"/>
         <property name="attachments" value=""/>
         <property name="hostName" value="Shipra Mandal - Shiva"/>
         <property name="os" value="Windows 8.1 64bit"/>
         <property name="katalonVersion" value="6.1.1.1"/>
         <property name="browser" value="Firefox 70.0"/>
         <property name="hostAddress" value="192.168.80.1"/>
         <property name="sessionId" value="a14fed0d-d05e-46ea-9860-14d898575f16"/>
         <property name="seleniumVersion" value="3.7.1"/>
         <property name="proxyInformation" value="ProxyInformation{proxyOption=NO_PROXY, proxyServerType=HTTP, password=, proxyServerAddress=, proxyServerPort=0}"/>
         <property name="platform" value="Windows 8.1"/>
      </properties>
      <testcase name="Test Cases/flipkartTestcase1" classname="Test Cases/flipkartTestcase1" status="PASSED">
         <system-out><![CDATA[2019-12-01 21:51:02 - [TEST_CASE][PASSED] - Test Cases/flipkartTestcase1: Test Cases/flipkartTestcase1

2019-12-01 21:51:03 - [TEST_STEP][PASSED] - openBrowser(""): Browser is opened with url: ''

2019-12-01 21:51:04 - [MESSAGE][INFO] - Starting 'Firefox' driver

2019-12-01 21:51:05 - [MESSAGE][INFO] - Action delay is set to 0 seconds

2019-12-01 21:51:19 - [MESSAGE][PASSED] - Browser is opened with url: ''

2019-12-01 21:51:19 - [TEST_STEP][PASSED] - navigateToUrl("https://www.flipkart.com/"): Navigate to 'https://www.flipkart.com/' successfully

2019-12-01 21:51:26 - [MESSAGE][PASSED] - Navigate to 'https://www.flipkart.com/' successfully

2019-12-01 21:51:26 - [TEST_STEP][PASSED] - click(findTestObject("Object Repository/Page_Online Shopping Site for Mobiles Electronics Furniture Grocery Lifestyle Books  More Best Offers/button_")): Object: 'Object Repository/Page_Online Shopping Site for Mobiles Electronics Furniture Grocery Lifestyle Books  More Best Offers/button_' is clicked on

2019-12-01 21:51:27 - [MESSAGE][PASSED] - Object: 'Object Repository/Page_Online Shopping Site for Mobiles Electronics Furniture Grocery Lifestyle Books  More Best Offers/button_' is clicked on]]></system-out>
         <system-err><![CDATA[]]></system-err>
      </testcase>
      <testcase name="Test Cases/Testcase1" classname="Test Cases/Testcase1" status="PASSED">
         <system-out><![CDATA[2019-12-01 21:51:27 - [TEST_CASE][PASSED] - Test Cases/Testcase1: Test Cases/Testcase1

2019-12-01 21:51:27 - [TEST_STEP][PASSED] - openBrowser(""): Browser is opened with url: ''

2019-12-01 21:51:27 - [MESSAGE][WARNING] - A browser is already opened. Closing browser and opening a new one

2019-12-01 21:51:45 - [MESSAGE][INFO] - Starting 'Firefox' driver

2019-12-01 21:51:55 - [MESSAGE][PASSED] - Browser is opened with url: ''

2019-12-01 21:51:55 - [TEST_STEP][PASSED] - navigateToUrl("https://www.bluestone.com/"): Navigate to 'https://www.bluestone.com/' successfully

2019-12-01 21:51:59 - [MESSAGE][PASSED] - Navigate to 'https://www.bluestone.com/' successfully

2019-12-01 21:51:59 - [TEST_STEP][PASSED] - click(findTestObject("Object Repository/Page_Online Jewellery Shopping Store India  Buy Gold and Diamond jewellery with Latest Designs 2019  BlueStonecom/a_Rings")): Object: 'Object Repository/Page_Online Jewellery Shopping Store India  Buy Gold and Diamond jewellery with Latest Designs 2019  BlueStonecom/a_Rings' is clicked on

2019-12-01 21:52:03 - [MESSAGE][PASSED] - Object: 'Object Repository/Page_Online Jewellery Shopping Store India  Buy Gold and Diamond jewellery with Latest Designs 2019  BlueStonecom/a_Rings' is clicked on

2019-12-01 21:52:03 - [TEST_STEP][PASSED] - click(findTestObject("Object Repository/Page_Rings - Buy 2050 Ring Designs Online in India 2019  BlueStonecom/img_Showing 1 - 24 of 2072 results_hc img-responsive center-block hu hi")): Object: 'Object Repository/Page_Rings - Buy 2050 Ring Designs Online in India 2019  BlueStonecom/img_Showing 1 - 24 of 2072 results_hc img-responsive center-block hu hi' is clicked on

2019-12-01 21:52:04 - [MESSAGE][PASSED] - Object: 'Object Repository/Page_Rings - Buy 2050 Ring Designs Online in India 2019  BlueStonecom/img_Showing 1 - 24 of 2072 results_hc img-responsive center-block hu hi' is clicked on

2019-12-01 21:52:04 - [TEST_STEP][PASSED] - closeBrowser(): Browser is closed

2019-12-01 21:52:22 - [MESSAGE][PASSED] - Browser is closed]]></system-out>
         <system-err><![CDATA[]]></system-err>
      </testcase>
      <system-out><![CDATA[2019-12-01 21:51:01 - [TEST_SUITE][PASSED] - New Test Suite: Test Cases/Testcase1]]></system-out>
      <system-err><![CDATA[]]></system-err>
   </testsuite>
</testsuites>
